<?xml version="1.0" encoding="UTF-8"?>
<!-- Generated by org.testng.reporters.JUnitReportReporter -->
<testsuite hostname="INBOOK_X2_PLUS" failures="0" tests="2" name="starAirBooks.StarAirBooks" time="30.177" errors="0" timestamp="2024-06-21T12:18:55 IST" skipped="0">
  <testcase classname="starAirBooks.StarAirBooks" name="toLaunch" time="0.997"/>
  <testcase classname="starAirBooks.StarAirBooks" name="toCustomTaxInvoice" time="29.180"/>
</testsuite> <!-- starAirBooks.StarAirBooks -->
